<?xml version="1.0" encoding="UTF-8"?>
<!-- Generated by org.testng.reporters.JUnitXMLReporter -->
<testsuite ignored="10" hostname="EC2AMAZ-IB3I7DE" failures="0" tests="1" name="Default test" time="29.786" errors="0" timestamp="27 Sep 2023 08:54:29 GMT">
  <testcase classname="accountManager.Campaign" name="tc03_verifyManualSurveyFields" time="9.386"/>
  <testcase classname="accountManager.Campaign" name="tc05_verifyOverview" time="0.0">
    <ignored/>
  </testcase> <!-- tc05_verifyOverview -->
  <testcase classname="accountManager.Campaign" name="tc08_verifyLeaderboard" time="0.0">
    <ignored/>
  </testcase> <!-- tc08_verifyLeaderboard -->
  <testcase classname="accountManager.Campaign" name="tc06_verifyQuestionSummary" time="0.0">
    <ignored/>
  </testcase> <!-- tc06_verifyQuestionSummary -->
  <testcase classname="accountManager.Campaign" name="tc07_verifyReviews" time="0.0">
    <ignored/>
  </testcase> <!-- tc07_verifyReviews -->
  <testcase classname="accountManager.Campaign" name="tc04_verifyViewAnalytics" time="0.0">
    <ignored/>
  </testcase> <!-- tc04_verifyViewAnalytics -->
  <testcase classname="accountManager.Campaign" name="tc02_verifyActivityFeedDrawer" time="0.0">
    <ignored/>
  </testcase> <!-- tc02_verifyActivityFeedDrawer -->
  <testcase classname="accountManager.Campaign" name="tc09_verifyIncompleteSurveys" time="0.0">
    <ignored/>
  </testcase> <!-- tc09_verifyIncompleteSurveys -->
  <testcase classname="accountManager.Campaign" name="tc01_verifyAccountManagerLandingPage" time="0.0">
    <ignored/>
  </testcase> <!-- tc01_verifyAccountManagerLandingPage -->
  <testcase classname="accountManager.Campaign" name="tc10_verifyVersionHistory" time="0.0">
    <ignored/>
  </testcase> <!-- tc10_verifyVersionHistory -->
  <testcase classname="accountManager.Campaign" name="tc11_verifyIncompleteSurveyInSideTab" time="0.0">
    <ignored/>
  </testcase> <!-- tc11_verifyIncompleteSurveyInSideTab -->
</testsuite> <!-- Default test -->
