<?xml version="1.0" encoding="UTF-8"?>
<!-- Generated by org.testng.reporters.JUnitXMLReporter -->
<testsuite ignored="10" hostname="EC2AMAZ-IB3I7DE" failures="0" tests="1" name="Test(failed)" time="35.178" errors="0" timestamp="11 Aug 2023 06:02:06 GMT">
  <testcase classname="accountManager.Campaign" name="tc11_verifyIncompleteSurveyInSideTab" time="15.491"/>
  <testcase classname="accountManager.Campaign" name="tc05_verifyOverview" time="0.0">
    <ignored/>
  </testcase> <!-- tc05_verifyOverview -->
  <testcase classname="accountManager.Campaign" name="tc08_verifyLeaderboard" time="0.0">
    <ignored/>
  </testcase> <!-- tc08_verifyLeaderboard -->
  <testcase classname="accountManager.Campaign" name="tc06_verifyQuestionSummary" time="0.0">
    <ignored/>
  </testcase> <!-- tc06_verifyQuestionSummary -->
  <testcase classname="accountManager.Campaign" name="tc07_verifyReviews" time="0.0">
    <ignored/>
  </testcase> <!-- tc07_verifyReviews -->
  <testcase classname="accountManager.Campaign" name="tc04_verifyViewAnalytics" time="0.0">
    <ignored/>
  </testcase> <!-- tc04_verifyViewAnalytics -->
  <testcase classname="accountManager.Campaign" name="tc03_verifyManualSurveyFields" time="0.0">
    <ignored/>
  </testcase> <!-- tc03_verifyManualSurveyFields -->
  <testcase classname="accountManager.Campaign" name="tc02_verifyActivityFeedDrawer" time="0.0">
    <ignored/>
  </testcase> <!-- tc02_verifyActivityFeedDrawer -->
  <testcase classname="accountManager.Campaign" name="tc09_verifyIncompleteSurveys" time="0.0">
    <ignored/>
  </testcase> <!-- tc09_verifyIncompleteSurveys -->
  <testcase classname="accountManager.Campaign" name="tc01_verifyAccountManagerLandingPage" time="0.0">
    <ignored/>
  </testcase> <!-- tc01_verifyAccountManagerLandingPage -->
  <testcase classname="accountManager.Campaign" name="tc10_verifyVersionHistory" time="0.0">
    <ignored/>
  </testcase> <!-- tc10_verifyVersionHistory -->
</testsuite> <!-- Test(failed) -->
